<?xml version="1.0" encoding="UTF-8"?>
<testsuite xmlns:xsi="http://www.w3.org/2001/XMLSchema-instance" xsi:noNamespaceSchemaLocation="https://maven.apache.org/surefire/maven-surefire-plugin/xsd/surefire-test-report-3.0.xsd" version="3.0" name="org.ibs.TestRunner" time="8.963" tests="4" errors="0" skipped="0" failures="0">
  <properties>
    <property name="sun.desktop" value="windows"/>
    <property name="awt.toolkit" value="sun.awt.windows.WToolkit"/>
    <property name="java.specification.version" value="11"/>
    <property name="sun.cpu.isalist" value="amd64"/>
    <property name="sun.jnu.encoding" value="Cp1251"/>
    <property name="java.class.path" value="D:\ibs_pract\Практическая работа № 6 Хамелеон\Cham\target\test-classes;D:\ibs_pract\Практическая работа № 6 Хамелеон\Cham\target\classes;C:\Users\user\.m2\repository\ru\ibsqa\chameleon\chameleon-allure-cucumber\3.6.0\chameleon-allure-cucumber-3.6.0.jar;C:\Users\user\.m2\repository\ru\ibsqa\chameleon\chameleon-allure\3.6.0\chameleon-allure-3.6.0.jar;C:\Users\user\.m2\repository\ru\ibsqa\chameleon\chameleon-core\3.6.0\chameleon-core-3.6.0.jar;C:\Users\user\.m2\repository\commons-io\commons-io\2.11.0\commons-io-2.11.0.jar;C:\Users\user\.m2\repository\jakarta\annotation\jakarta.annotation-api\1.3.5\jakarta.annotation-api-1.3.5.jar;C:\Users\user\.m2\repository\jakarta\xml\bind\jakarta.xml.bind-api\2.3.3\jakarta.xml.bind-api-2.3.3.jar;C:\Users\user\.m2\repository\jakarta\activation\jakarta.activation-api\1.2.2\jakarta.activation-api-1.2.2.jar;C:\Users\user\.m2\repository\com\sun\xml\bind\jaxb-impl\2.3.7\jaxb-impl-2.3.7.jar;C:\Users\user\.m2\repository\com\sun\activation\jakarta.activation\1.2.2\jakarta.activation-1.2.2.jar;C:\Users\user\.m2\repository\org\apache\commons\commons-lang3\3.12.0\commons-lang3-3.12.0.jar;C:\Users\user\.m2\repository\org\apache\commons\commons-text\1.10.0\commons-text-1.10.0.jar;C:\Users\user\.m2\repository\com\google\guava\guava\31.1-jre\guava-31.1-jre.jar;C:\Users\user\.m2\repository\com\google\guava\failureaccess\1.0.1\failureaccess-1.0.1.jar;C:\Users\user\.m2\repository\com\google\guava\listenablefuture\9999.0-empty-to-avoid-conflict-with-guava\listenablefuture-9999.0-empty-to-avoid-conflict-with-guava.jar;C:\Users\user\.m2\repository\com\google\code\findbugs\jsr305\3.0.2\jsr305-3.0.2.jar;C:\Users\user\.m2\repository\org\checkerframework\checker-qual\3.12.0\checker-qual-3.12.0.jar;C:\Users\user\.m2\repository\com\google\errorprone\error_prone_annotations\2.11.0\error_prone_annotations-2.11.0.jar;C:\Users\user\.m2\repository\com\google\j2objc\j2objc-annotations\1.3\j2objc-annotations-1.3.jar;C:\Users\user\.m2\repository\org\aspectj\aspectjweaver\1.9.9.1\aspectjweaver-1.9.9.1.jar;C:\Users\user\.m2\repository\org\apache-extras\beanshell\bsh\2.0b6\bsh-2.0b6.jar;C:\Users\user\.m2\repository\org\hamcrest\hamcrest\2.2\hamcrest-2.2.jar;C:\Users\user\.m2\repository\org\json\json\20220924\json-20220924.jar;C:\Users\user\.m2\repository\org\junit\jupiter\junit-jupiter-engine\5.9.1\junit-jupiter-engine-5.9.1.jar;C:\Users\user\.m2\repository\org\junit\platform\junit-platform-suite-api\1.9.1\junit-platform-suite-api-1.9.1.jar;C:\Users\user\.m2\repository\org\junit\platform\junit-platform-suite-engine\1.9.1\junit-platform-suite-engine-1.9.1.jar;C:\Users\user\.m2\repository\org\junit\platform\junit-platform-suite-commons\1.9.1\junit-platform-suite-commons-1.9.1.jar;C:\Users\user\.m2\repository\org\junit\platform\junit-platform-launcher\1.9.1\junit-platform-launcher-1.9.1.jar;C:\Users\user\.m2\repository\org\projectlombok\lombok\1.18.24\lombok-1.18.24.jar;C:\Users\user\.m2\repository\org\slf4j\slf4j-api\2.0.3\slf4j-api-2.0.3.jar;C:\Users\user\.m2\repository\org\springframework\spring-beans\5.3.24\spring-beans-5.3.24.jar;C:\Users\user\.m2\repository\org\springframework\spring-context\5.3.24\spring-context-5.3.24.jar;C:\Users\user\.m2\repository\org\springframework\spring-aop\5.3.24\spring-aop-5.3.24.jar;C:\Users\user\.m2\repository\org\springframework\spring-core\5.3.24\spring-core-5.3.24.jar;C:\Users\user\.m2\repository\org\springframework\spring-jcl\5.3.24\spring-jcl-5.3.24.jar;C:\Users\user\.m2\repository\org\springframework\spring-expression\5.3.24\spring-expression-5.3.24.jar;C:\Users\user\.m2\repository\org\springframework\spring-test\5.3.24\spring-test-5.3.24.jar;C:\Users\user\.m2\repository\io\qameta\allure\allure-java-commons\2.20.1\allure-java-commons-2.20.1.jar;C:\Users\user\.m2\repository\io\qameta\allure\allure-model\2.20.1\allure-model-2.20.1.jar;C:\Users\user\.m2\repository\io\qameta\allure\allure-junit5\2.20.1\allure-junit5-2.20.1.jar;C:\Users\user\.m2\repository\io\qameta\allure\allure-junit-platform\2.20.1\allure-junit-platform-2.20.1.jar;C:\Users\user\.m2\repository\io\qameta\allure\allure-test-filter\2.20.1\allure-test-filter-2.20.1.jar;C:\Users\user\.m2\repository\ru\ibsqa\chameleon\chameleon-core-cucumber\3.6.0\chameleon-core-cucumber-3.6.0.jar;C:\Users\user\.m2\repository\io\cucumber\cucumber-java\7.9.0\cucumber-java-7.9.0.jar;C:\Users\user\.m2\repository\io\cucumber\cucumber-core\7.9.0\cucumber-core-7.9.0.jar;C:\Users\user\.m2\repository\io\cucumber\cucumber-gherkin\7.9.0\cucumber-gherkin-7.9.0.jar;C:\Users\user\.m2\repository\io\cucumber\cucumber-gherkin-messages\7.9.0\cucumber-gherkin-messages-7.9.0.jar;C:\Users\user\.m2\repository\io\cucumber\tag-expressions\4.1.0\tag-expressions-4.1.0.jar;C:\Users\user\.m2\repository\io\cucumber\cucumber-expressions\16.0.0\cucumber-expressions-16.0.0.jar;C:\Users\user\.m2\repository\io\cucumber\datatable\7.9.0\datatable-7.9.0.jar;C:\Users\user\.m2\repository\io\cucumber\cucumber-plugin\7.9.0\cucumber-plugin-7.9.0.jar;C:\Users\user\.m2\repository\io\cucumber\docstring\7.9.0\docstring-7.9.0.jar;C:\Users\user\.m2\repository\io\cucumber\html-formatter\20.1.0\html-formatter-20.1.0.jar;C:\Users\user\.m2\repository\io\cucumber\ci-environment\9.1.0\ci-environment-9.1.0.jar;C:\Users\user\.m2\repository\io\cucumber\cucumber-junit-platform-engine\7.9.0\cucumber-junit-platform-engine-7.9.0.jar;C:\Users\user\.m2\repository\org\junit\platform\junit-platform-engine\1.9.1\junit-platform-engine-1.9.1.jar;C:\Users\user\.m2\repository\io\cucumber\cucumber-spring\7.9.0\cucumber-spring-7.9.0.jar;C:\Users\user\.m2\repository\com\fasterxml\jackson\core\jackson-core\2.14.0\jackson-core-2.14.0.jar;C:\Users\user\.m2\repository\com\fasterxml\jackson\core\jackson-databind\2.14.0\jackson-databind-2.14.0.jar;C:\Users\user\.m2\repository\com\fasterxml\jackson\core\jackson-annotations\2.14.0\jackson-annotations-2.14.0.jar;C:\Users\user\.m2\repository\io\qameta\allure\allure-cucumber7-jvm\2.20.1\allure-cucumber7-jvm-2.20.1.jar;C:\Users\user\.m2\repository\io\cucumber\gherkin\24.1.0\gherkin-24.1.0.jar;C:\Users\user\.m2\repository\io\cucumber\messages\19.1.4\messages-19.1.4.jar;C:\Users\user\.m2\repository\ru\ibsqa\chameleon\chameleon-web-cucumber\3.6.0\chameleon-web-cucumber-3.6.0.jar;C:\Users\user\.m2\repository\ru\ibsqa\chameleon\chameleon-selenium-cucumber\3.6.0\chameleon-selenium-cucumber-3.6.0.jar;C:\Users\user\.m2\repository\ru\ibsqa\chameleon\chameleon-selenium\3.6.0\chameleon-selenium-3.6.0.jar;C:\Users\user\.m2\repository\org\javassist\javassist\3.29.2-GA\javassist-3.29.2-GA.jar;C:\Users\user\.m2\repository\org\seleniumhq\selenium\selenium-java\4.6.0\selenium-java-4.6.0.jar;C:\Users\user\.m2\repository\org\seleniumhq\selenium\selenium-api\4.6.0\selenium-api-4.6.0.jar;C:\Users\user\.m2\repository\org\seleniumhq\selenium\selenium-chrome-driver\4.6.0\selenium-chrome-driver-4.6.0.jar;C:\Users\user\.m2\repository\org\seleniumhq\selenium\selenium-chromium-driver\4.6.0\selenium-chromium-driver-4.6.0.jar;C:\Users\user\.m2\repository\org\seleniumhq\selenium\selenium-json\4.6.0\selenium-json-4.6.0.jar;C:\Users\user\.m2\repository\org\seleniumhq\selenium\selenium-devtools-v105\4.6.0\selenium-devtools-v105-4.6.0.jar;C:\Users\user\.m2\repository\org\seleniumhq\selenium\selenium-devtools-v106\4.6.0\selenium-devtools-v106-4.6.0.jar;C:\Users\user\.m2\repository\org\seleniumhq\selenium\selenium-devtools-v107\4.6.0\selenium-devtools-v107-4.6.0.jar;C:\Users\user\.m2\repository\org\seleniumhq\selenium\selenium-devtools-v85\4.6.0\selenium-devtools-v85-4.6.0.jar;C:\Users\user\.m2\repository\org\seleniumhq\selenium\selenium-edge-driver\4.6.0\selenium-edge-driver-4.6.0.jar;C:\Users\user\.m2\repository\org\seleniumhq\selenium\selenium-firefox-driver\4.6.0\selenium-firefox-driver-4.6.0.jar;C:\Users\user\.m2\repository\org\seleniumhq\selenium\selenium-ie-driver\4.6.0\selenium-ie-driver-4.6.0.jar;C:\Users\user\.m2\repository\org\seleniumhq\selenium\selenium-remote-driver\4.6.0\selenium-remote-driver-4.6.0.jar;C:\Users\user\.m2\repository\com\beust\jcommander\1.82\jcommander-1.82.jar;C:\Users\user\.m2\repository\io\netty\netty-buffer\4.1.85.Final\netty-buffer-4.1.85.Final.jar;C:\Users\user\.m2\repository\io\netty\netty-codec-http\4.1.85.Final\netty-codec-http-4.1.85.Final.jar;C:\Users\user\.m2\repository\io\netty\netty-codec\4.1.85.Final\netty-codec-4.1.85.Final.jar;C:\Users\user\.m2\repository\io\netty\netty-handler\4.1.85.Final\netty-handler-4.1.85.Final.jar;C:\Users\user\.m2\repository\io\netty\netty-common\4.1.85.Final\netty-common-4.1.85.Final.jar;C:\Users\user\.m2\repository\io\netty\netty-transport-classes-epoll\4.1.85.Final\netty-transport-classes-epoll-4.1.85.Final.jar;C:\Users\user\.m2\repository\io\netty\netty-transport-classes-kqueue\4.1.85.Final\netty-transport-classes-kqueue-4.1.85.Final.jar;C:\Users\user\.m2\repository\io\netty\netty-transport-native-epoll\4.1.85.Final\netty-transport-native-epoll-4.1.85.Final.jar;C:\Users\user\.m2\repository\io\netty\netty-transport-native-kqueue\4.1.85.Final\netty-transport-native-kqueue-4.1.85.Final.jar;C:\Users\user\.m2\repository\io\netty\netty-transport-native-unix-common\4.1.85.Final\netty-transport-native-unix-common-4.1.85.Final.jar;C:\Users\user\.m2\repository\io\netty\netty-transport\4.1.85.Final\netty-transport-4.1.85.Final.jar;C:\Users\user\.m2\repository\io\netty\netty-resolver\4.1.85.Final\netty-resolver-4.1.85.Final.jar;C:\Users\user\.m2\repository\io\opentelemetry\opentelemetry-api\1.19.0\opentelemetry-api-1.19.0.jar;C:\Users\user\.m2\repository\io\opentelemetry\opentelemetry-context\1.19.0\opentelemetry-context-1.19.0.jar;C:\Users\user\.m2\repository\io\opentelemetry\opentelemetry-exporter-logging\1.19.0\opentelemetry-exporter-logging-1.19.0.jar;C:\Users\user\.m2\repository\io\opentelemetry\opentelemetry-sdk-metrics\1.19.0\opentelemetry-sdk-metrics-1.19.0.jar;C:\Users\user\.m2\repository\io\opentelemetry\opentelemetry-sdk-logs\1.19.0-alpha\opentelemetry-sdk-logs-1.19.0-alpha.jar;C:\Users\user\.m2\repository\io\opentelemetry\opentelemetry-api-logs\1.19.0-alpha\opentelemetry-api-logs-1.19.0-alpha.jar;C:\Users\user\.m2\repository\io\opentelemetry\opentelemetry-sdk-common\1.19.0\opentelemetry-sdk-common-1.19.0.jar;C:\Users\user\.m2\repository\io\opentelemetry\opentelemetry-sdk-extension-autoconfigure-spi\1.19.0\opentelemetry-sdk-extension-autoconfigure-spi-1.19.0.jar;C:\Users\user\.m2\repository\io\opentelemetry\opentelemetry-sdk-extension-autoconfigure\1.19.0-alpha\opentelemetry-sdk-extension-autoconfigure-1.19.0-alpha.jar;C:\Users\user\.m2\repository\io\opentelemetry\opentelemetry-exporter-common\1.19.0\opentelemetry-exporter-common-1.19.0.jar;C:\Users\user\.m2\repository\io\opentelemetry\opentelemetry-sdk-trace\1.19.0\opentelemetry-sdk-trace-1.19.0.jar;C:\Users\user\.m2\repository\io\opentelemetry\opentelemetry-sdk\1.19.0\opentelemetry-sdk-1.19.0.jar;C:\Users\user\.m2\repository\io\opentelemetry\opentelemetry-semconv\1.19.0-alpha\opentelemetry-semconv-1.19.0-alpha.jar;C:\Users\user\.m2\repository\io\ous\jtoml\2.0.0\jtoml-2.0.0.jar;C:\Users\user\.m2\repository\net\bytebuddy\byte-buddy\1.12.18\byte-buddy-1.12.18.jar;C:\Users\user\.m2\repository\org\apache\commons\commons-exec\1.3\commons-exec-1.3.jar;C:\Users\user\.m2\repository\org\asynchttpclient\async-http-client\2.12.3\async-http-client-2.12.3.jar;C:\Users\user\.m2\repository\org\asynchttpclient\async-http-client-netty-utils\2.12.3\async-http-client-netty-utils-2.12.3.jar;C:\Users\user\.m2\repository\io\netty\netty-codec-socks\4.1.85.Final\netty-codec-socks-4.1.85.Final.jar;C:\Users\user\.m2\repository\io\netty\netty-handler-proxy\4.1.85.Final\netty-handler-proxy-4.1.85.Final.jar;C:\Users\user\.m2\repository\io\netty\netty-transport-native-epoll\4.1.85.Final\netty-transport-native-epoll-4.1.85.Final-linux-x86_64.jar;C:\Users\user\.m2\repository\io\netty\netty-transport-native-kqueue\4.1.85.Final\netty-transport-native-kqueue-4.1.85.Final-osx-x86_64.jar;C:\Users\user\.m2\repository\org\reactivestreams\reactive-streams\1.0.3\reactive-streams-1.0.3.jar;C:\Users\user\.m2\repository\com\typesafe\netty\netty-reactive-streams\2.0.4\netty-reactive-streams-2.0.4.jar;C:\Users\user\.m2\repository\org\seleniumhq\selenium\selenium-manager\4.6.0\selenium-manager-4.6.0.jar;C:\Users\user\.m2\repository\org\seleniumhq\selenium\selenium-safari-driver\4.6.0\selenium-safari-driver-4.6.0.jar;C:\Users\user\.m2\repository\org\seleniumhq\selenium\selenium-support\4.6.0\selenium-support-4.6.0.jar;C:\Users\user\.m2\repository\org\seleniumhq\selenium\selenium-http-jdk-client\4.6.0\selenium-http-jdk-client-4.6.0.jar;C:\Users\user\.m2\repository\com\google\auto\service\auto-service-annotations\1.0.1\auto-service-annotations-1.0.1.jar;C:\Users\user\.m2\repository\com\google\auto\service\auto-service\1.0.1\auto-service-1.0.1.jar;C:\Users\user\.m2\repository\com\google\auto\auto-common\1.2\auto-common-1.2.jar;C:\Users\user\.m2\repository\org\seleniumhq\selenium\selenium-http\4.6.0\selenium-http-4.6.0.jar;C:\Users\user\.m2\repository\dev\failsafe\failsafe\3.3.0\failsafe-3.3.0.jar;C:\Users\user\.m2\repository\io\github\bonigarcia\webdrivermanager\5.4.1\webdrivermanager-5.4.1.jar;C:\Users\user\.m2\repository\com\google\code\gson\gson\2.10.1\gson-2.10.1.jar;C:\Users\user\.m2\repository\com\github\docker-java\docker-java\3.3.2\docker-java-3.3.2.jar;C:\Users\user\.m2\repository\com\github\docker-java\docker-java-core\3.3.2\docker-java-core-3.3.2.jar;C:\Users\user\.m2\repository\com\github\docker-java\docker-java-api\3.3.2\docker-java-api-3.3.2.jar;C:\Users\user\.m2\repository\org\apache\commons\commons-compress\1.21\commons-compress-1.21.jar;C:\Users\user\.m2\repository\org\bouncycastle\bcpkix-jdk15on\1.64\bcpkix-jdk15on-1.64.jar;C:\Users\user\.m2\repository\org\bouncycastle\bcprov-jdk15on\1.64\bcprov-jdk15on-1.64.jar;C:\Users\user\.m2\repository\org\slf4j\jcl-over-slf4j\1.7.30\jcl-over-slf4j-1.7.30.jar;C:\Users\user\.m2\repository\com\github\docker-java\docker-java-transport-httpclient5\3.3.2\docker-java-transport-httpclient5-3.3.2.jar;C:\Users\user\.m2\repository\com\github\docker-java\docker-java-transport\3.3.2\docker-java-transport-3.3.2.jar;C:\Users\user\.m2\repository\net\java\dev\jna\jna\5.12.1\jna-5.12.1.jar;C:\Users\user\.m2\repository\org\brotli\dec\0.1.2\dec-0.1.2.jar;C:\Users\user\.m2\repository\org\apache\httpcomponents\client5\httpclient5\5.2.1\httpclient5-5.2.1.jar;C:\Users\user\.m2\repository\org\apache\httpcomponents\core5\httpcore5\5.2\httpcore5-5.2.jar;C:\Users\user\.m2\repository\org\apache\httpcomponents\core5\httpcore5-h2\5.2\httpcore5-h2-5.2.jar;C:\Users\user\.m2\repository\ru\yandex\qatools\ashot\ashot\1.5.4\ashot-1.5.4.jar;C:\Users\user\.m2\repository\org\hamcrest\hamcrest-core\1.3\hamcrest-core-1.3.jar;C:\Users\user\.m2\repository\ru\ibsqa\chameleon\chameleon-web\3.6.0\chameleon-web-3.6.0.jar;C:\Users\user\.m2\repository\ru\ibsqa\chameleon\chameleon-db-cucumber\3.6.0\chameleon-db-cucumber-3.6.0.jar;C:\Users\user\.m2\repository\ru\ibsqa\chameleon\chameleon-db\3.6.0\chameleon-db-3.6.0.jar;C:\Users\user\.m2\repository\com\h2database\h2\2.2.220\h2-2.2.220.jar;C:\Users\user\.m2\repository\org\junit\jupiter\junit-jupiter-params\5.9.2\junit-jupiter-params-5.9.2.jar;C:\Users\user\.m2\repository\org\junit\jupiter\junit-jupiter-api\5.9.1\junit-jupiter-api-5.9.1.jar;C:\Users\user\.m2\repository\org\opentest4j\opentest4j\1.2.0\opentest4j-1.2.0.jar;C:\Users\user\.m2\repository\org\junit\platform\junit-platform-commons\1.9.1\junit-platform-commons-1.9.1.jar;C:\Users\user\.m2\repository\org\apiguardian\apiguardian-api\1.1.2\apiguardian-api-1.1.2.jar;"/>
    <property name="java.vm.vendor" value="Amazon.com Inc."/>
    <property name="sun.arch.data.model" value="64"/>
    <property name="implicitlyWait" value="0"/>
    <property name="user.variant" value=""/>
    <property name="java.vendor.url" value="https://aws.amazon.com/corretto/"/>
    <property name="user.timezone" value="Europe/Astrakhan"/>
    <property name="os.name" value="Windows 10"/>
    <property name="java.vm.specification.version" value="11"/>
    <property name="connectToRunningApp" value="false"/>
    <property name="sun.java.launcher" value="SUN_STANDARD"/>
    <property name="user.country" value="RU"/>
    <property name="sun.boot.library.path" value="C:\Users\user\.jdks\corretto-11.0.21\bin"/>
    <property name="sun.java.command" value="C:\Users\user\AppData\Local\Temp\surefire9970577197523185418\surefirebooter-20240119052049581_3.jar C:\Users\user\AppData\Local\Temp\surefire9970577197523185418 2024-01-19T05-20-49_390-jvmRun1 surefire-20240119052049581_1tmp surefire_0-20240119052049581_2tmp"/>
    <property name="jdk.debug" value="release"/>
    <property name="surefire.test.class.path" value="D:\ibs_pract\Практическая работа № 6 Хамелеон\Cham\target\test-classes;D:\ibs_pract\Практическая работа № 6 Хамелеон\Cham\target\classes;C:\Users\user\.m2\repository\ru\ibsqa\chameleon\chameleon-allure-cucumber\3.6.0\chameleon-allure-cucumber-3.6.0.jar;C:\Users\user\.m2\repository\ru\ibsqa\chameleon\chameleon-allure\3.6.0\chameleon-allure-3.6.0.jar;C:\Users\user\.m2\repository\ru\ibsqa\chameleon\chameleon-core\3.6.0\chameleon-core-3.6.0.jar;C:\Users\user\.m2\repository\commons-io\commons-io\2.11.0\commons-io-2.11.0.jar;C:\Users\user\.m2\repository\jakarta\annotation\jakarta.annotation-api\1.3.5\jakarta.annotation-api-1.3.5.jar;C:\Users\user\.m2\repository\jakarta\xml\bind\jakarta.xml.bind-api\2.3.3\jakarta.xml.bind-api-2.3.3.jar;C:\Users\user\.m2\repository\jakarta\activation\jakarta.activation-api\1.2.2\jakarta.activation-api-1.2.2.jar;C:\Users\user\.m2\repository\com\sun\xml\bind\jaxb-impl\2.3.7\jaxb-impl-2.3.7.jar;C:\Users\user\.m2\repository\com\sun\activation\jakarta.activation\1.2.2\jakarta.activation-1.2.2.jar;C:\Users\user\.m2\repository\org\apache\commons\commons-lang3\3.12.0\commons-lang3-3.12.0.jar;C:\Users\user\.m2\repository\org\apache\commons\commons-text\1.10.0\commons-text-1.10.0.jar;C:\Users\user\.m2\repository\com\google\guava\guava\31.1-jre\guava-31.1-jre.jar;C:\Users\user\.m2\repository\com\google\guava\failureaccess\1.0.1\failureaccess-1.0.1.jar;C:\Users\user\.m2\repository\com\google\guava\listenablefuture\9999.0-empty-to-avoid-conflict-with-guava\listenablefuture-9999.0-empty-to-avoid-conflict-with-guava.jar;C:\Users\user\.m2\repository\com\google\code\findbugs\jsr305\3.0.2\jsr305-3.0.2.jar;C:\Users\user\.m2\repository\org\checkerframework\checker-qual\3.12.0\checker-qual-3.12.0.jar;C:\Users\user\.m2\repository\com\google\errorprone\error_prone_annotations\2.11.0\error_prone_annotations-2.11.0.jar;C:\Users\user\.m2\repository\com\google\j2objc\j2objc-annotations\1.3\j2objc-annotations-1.3.jar;C:\Users\user\.m2\repository\org\aspectj\aspectjweaver\1.9.9.1\aspectjweaver-1.9.9.1.jar;C:\Users\user\.m2\repository\org\apache-extras\beanshell\bsh\2.0b6\bsh-2.0b6.jar;C:\Users\user\.m2\repository\org\hamcrest\hamcrest\2.2\hamcrest-2.2.jar;C:\Users\user\.m2\repository\org\json\json\20220924\json-20220924.jar;C:\Users\user\.m2\repository\org\junit\jupiter\junit-jupiter-engine\5.9.1\junit-jupiter-engine-5.9.1.jar;C:\Users\user\.m2\repository\org\junit\platform\junit-platform-suite-api\1.9.1\junit-platform-suite-api-1.9.1.jar;C:\Users\user\.m2\repository\org\junit\platform\junit-platform-suite-engine\1.9.1\junit-platform-suite-engine-1.9.1.jar;C:\Users\user\.m2\repository\org\junit\platform\junit-platform-suite-commons\1.9.1\junit-platform-suite-commons-1.9.1.jar;C:\Users\user\.m2\repository\org\junit\platform\junit-platform-launcher\1.9.1\junit-platform-launcher-1.9.1.jar;C:\Users\user\.m2\repository\org\projectlombok\lombok\1.18.24\lombok-1.18.24.jar;C:\Users\user\.m2\repository\org\slf4j\slf4j-api\2.0.3\slf4j-api-2.0.3.jar;C:\Users\user\.m2\repository\org\springframework\spring-beans\5.3.24\spring-beans-5.3.24.jar;C:\Users\user\.m2\repository\org\springframework\spring-context\5.3.24\spring-context-5.3.24.jar;C:\Users\user\.m2\repository\org\springframework\spring-aop\5.3.24\spring-aop-5.3.24.jar;C:\Users\user\.m2\repository\org\springframework\spring-core\5.3.24\spring-core-5.3.24.jar;C:\Users\user\.m2\repository\org\springframework\spring-jcl\5.3.24\spring-jcl-5.3.24.jar;C:\Users\user\.m2\repository\org\springframework\spring-expression\5.3.24\spring-expression-5.3.24.jar;C:\Users\user\.m2\repository\org\springframework\spring-test\5.3.24\spring-test-5.3.24.jar;C:\Users\user\.m2\repository\io\qameta\allure\allure-java-commons\2.20.1\allure-java-commons-2.20.1.jar;C:\Users\user\.m2\repository\io\qameta\allure\allure-model\2.20.1\allure-model-2.20.1.jar;C:\Users\user\.m2\repository\io\qameta\allure\allure-junit5\2.20.1\allure-junit5-2.20.1.jar;C:\Users\user\.m2\repository\io\qameta\allure\allure-junit-platform\2.20.1\allure-junit-platform-2.20.1.jar;C:\Users\user\.m2\repository\io\qameta\allure\allure-test-filter\2.20.1\allure-test-filter-2.20.1.jar;C:\Users\user\.m2\repository\ru\ibsqa\chameleon\chameleon-core-cucumber\3.6.0\chameleon-core-cucumber-3.6.0.jar;C:\Users\user\.m2\repository\io\cucumber\cucumber-java\7.9.0\cucumber-java-7.9.0.jar;C:\Users\user\.m2\repository\io\cucumber\cucumber-core\7.9.0\cucumber-core-7.9.0.jar;C:\Users\user\.m2\repository\io\cucumber\cucumber-gherkin\7.9.0\cucumber-gherkin-7.9.0.jar;C:\Users\user\.m2\repository\io\cucumber\cucumber-gherkin-messages\7.9.0\cucumber-gherkin-messages-7.9.0.jar;C:\Users\user\.m2\repository\io\cucumber\tag-expressions\4.1.0\tag-expressions-4.1.0.jar;C:\Users\user\.m2\repository\io\cucumber\cucumber-expressions\16.0.0\cucumber-expressions-16.0.0.jar;C:\Users\user\.m2\repository\io\cucumber\datatable\7.9.0\datatable-7.9.0.jar;C:\Users\user\.m2\repository\io\cucumber\cucumber-plugin\7.9.0\cucumber-plugin-7.9.0.jar;C:\Users\user\.m2\repository\io\cucumber\docstring\7.9.0\docstring-7.9.0.jar;C:\Users\user\.m2\repository\io\cucumber\html-formatter\20.1.0\html-formatter-20.1.0.jar;C:\Users\user\.m2\repository\io\cucumber\ci-environment\9.1.0\ci-environment-9.1.0.jar;C:\Users\user\.m2\repository\io\cucumber\cucumber-junit-platform-engine\7.9.0\cucumber-junit-platform-engine-7.9.0.jar;C:\Users\user\.m2\repository\org\junit\platform\junit-platform-engine\1.9.1\junit-platform-engine-1.9.1.jar;C:\Users\user\.m2\repository\io\cucumber\cucumber-spring\7.9.0\cucumber-spring-7.9.0.jar;C:\Users\user\.m2\repository\com\fasterxml\jackson\core\jackson-core\2.14.0\jackson-core-2.14.0.jar;C:\Users\user\.m2\repository\com\fasterxml\jackson\core\jackson-databind\2.14.0\jackson-databind-2.14.0.jar;C:\Users\user\.m2\repository\com\fasterxml\jackson\core\jackson-annotations\2.14.0\jackson-annotations-2.14.0.jar;C:\Users\user\.m2\repository\io\qameta\allure\allure-cucumber7-jvm\2.20.1\allure-cucumber7-jvm-2.20.1.jar;C:\Users\user\.m2\repository\io\cucumber\gherkin\24.1.0\gherkin-24.1.0.jar;C:\Users\user\.m2\repository\io\cucumber\messages\19.1.4\messages-19.1.4.jar;C:\Users\user\.m2\repository\ru\ibsqa\chameleon\chameleon-web-cucumber\3.6.0\chameleon-web-cucumber-3.6.0.jar;C:\Users\user\.m2\repository\ru\ibsqa\chameleon\chameleon-selenium-cucumber\3.6.0\chameleon-selenium-cucumber-3.6.0.jar;C:\Users\user\.m2\repository\ru\ibsqa\chameleon\chameleon-selenium\3.6.0\chameleon-selenium-3.6.0.jar;C:\Users\user\.m2\repository\org\javassist\javassist\3.29.2-GA\javassist-3.29.2-GA.jar;C:\Users\user\.m2\repository\org\seleniumhq\selenium\selenium-java\4.6.0\selenium-java-4.6.0.jar;C:\Users\user\.m2\repository\org\seleniumhq\selenium\selenium-api\4.6.0\selenium-api-4.6.0.jar;C:\Users\user\.m2\repository\org\seleniumhq\selenium\selenium-chrome-driver\4.6.0\selenium-chrome-driver-4.6.0.jar;C:\Users\user\.m2\repository\org\seleniumhq\selenium\selenium-chromium-driver\4.6.0\selenium-chromium-driver-4.6.0.jar;C:\Users\user\.m2\repository\org\seleniumhq\selenium\selenium-json\4.6.0\selenium-json-4.6.0.jar;C:\Users\user\.m2\repository\org\seleniumhq\selenium\selenium-devtools-v105\4.6.0\selenium-devtools-v105-4.6.0.jar;C:\Users\user\.m2\repository\org\seleniumhq\selenium\selenium-devtools-v106\4.6.0\selenium-devtools-v106-4.6.0.jar;C:\Users\user\.m2\repository\org\seleniumhq\selenium\selenium-devtools-v107\4.6.0\selenium-devtools-v107-4.6.0.jar;C:\Users\user\.m2\repository\org\seleniumhq\selenium\selenium-devtools-v85\4.6.0\selenium-devtools-v85-4.6.0.jar;C:\Users\user\.m2\repository\org\seleniumhq\selenium\selenium-edge-driver\4.6.0\selenium-edge-driver-4.6.0.jar;C:\Users\user\.m2\repository\org\seleniumhq\selenium\selenium-firefox-driver\4.6.0\selenium-firefox-driver-4.6.0.jar;C:\Users\user\.m2\repository\org\seleniumhq\selenium\selenium-ie-driver\4.6.0\selenium-ie-driver-4.6.0.jar;C:\Users\user\.m2\repository\org\seleniumhq\selenium\selenium-remote-driver\4.6.0\selenium-remote-driver-4.6.0.jar;C:\Users\user\.m2\repository\com\beust\jcommander\1.82\jcommander-1.82.jar;C:\Users\user\.m2\repository\io\netty\netty-buffer\4.1.85.Final\netty-buffer-4.1.85.Final.jar;C:\Users\user\.m2\repository\io\netty\netty-codec-http\4.1.85.Final\netty-codec-http-4.1.85.Final.jar;C:\Users\user\.m2\repository\io\netty\netty-codec\4.1.85.Final\netty-codec-4.1.85.Final.jar;C:\Users\user\.m2\repository\io\netty\netty-handler\4.1.85.Final\netty-handler-4.1.85.Final.jar;C:\Users\user\.m2\repository\io\netty\netty-common\4.1.85.Final\netty-common-4.1.85.Final.jar;C:\Users\user\.m2\repository\io\netty\netty-transport-classes-epoll\4.1.85.Final\netty-transport-classes-epoll-4.1.85.Final.jar;C:\Users\user\.m2\repository\io\netty\netty-transport-classes-kqueue\4.1.85.Final\netty-transport-classes-kqueue-4.1.85.Final.jar;C:\Users\user\.m2\repository\io\netty\netty-transport-native-epoll\4.1.85.Final\netty-transport-native-epoll-4.1.85.Final.jar;C:\Users\user\.m2\repository\io\netty\netty-transport-native-kqueue\4.1.85.Final\netty-transport-native-kqueue-4.1.85.Final.jar;C:\Users\user\.m2\repository\io\netty\netty-transport-native-unix-common\4.1.85.Final\netty-transport-native-unix-common-4.1.85.Final.jar;C:\Users\user\.m2\repository\io\netty\netty-transport\4.1.85.Final\netty-transport-4.1.85.Final.jar;C:\Users\user\.m2\repository\io\netty\netty-resolver\4.1.85.Final\netty-resolver-4.1.85.Final.jar;C:\Users\user\.m2\repository\io\opentelemetry\opentelemetry-api\1.19.0\opentelemetry-api-1.19.0.jar;C:\Users\user\.m2\repository\io\opentelemetry\opentelemetry-context\1.19.0\opentelemetry-context-1.19.0.jar;C:\Users\user\.m2\repository\io\opentelemetry\opentelemetry-exporter-logging\1.19.0\opentelemetry-exporter-logging-1.19.0.jar;C:\Users\user\.m2\repository\io\opentelemetry\opentelemetry-sdk-metrics\1.19.0\opentelemetry-sdk-metrics-1.19.0.jar;C:\Users\user\.m2\repository\io\opentelemetry\opentelemetry-sdk-logs\1.19.0-alpha\opentelemetry-sdk-logs-1.19.0-alpha.jar;C:\Users\user\.m2\repository\io\opentelemetry\opentelemetry-api-logs\1.19.0-alpha\opentelemetry-api-logs-1.19.0-alpha.jar;C:\Users\user\.m2\repository\io\opentelemetry\opentelemetry-sdk-common\1.19.0\opentelemetry-sdk-common-1.19.0.jar;C:\Users\user\.m2\repository\io\opentelemetry\opentelemetry-sdk-extension-autoconfigure-spi\1.19.0\opentelemetry-sdk-extension-autoconfigure-spi-1.19.0.jar;C:\Users\user\.m2\repository\io\opentelemetry\opentelemetry-sdk-extension-autoconfigure\1.19.0-alpha\opentelemetry-sdk-extension-autoconfigure-1.19.0-alpha.jar;C:\Users\user\.m2\repository\io\opentelemetry\opentelemetry-exporter-common\1.19.0\opentelemetry-exporter-common-1.19.0.jar;C:\Users\user\.m2\repository\io\opentelemetry\opentelemetry-sdk-trace\1.19.0\opentelemetry-sdk-trace-1.19.0.jar;C:\Users\user\.m2\repository\io\opentelemetry\opentelemetry-sdk\1.19.0\opentelemetry-sdk-1.19.0.jar;C:\Users\user\.m2\repository\io\opentelemetry\opentelemetry-semconv\1.19.0-alpha\opentelemetry-semconv-1.19.0-alpha.jar;C:\Users\user\.m2\repository\io\ous\jtoml\2.0.0\jtoml-2.0.0.jar;C:\Users\user\.m2\repository\net\bytebuddy\byte-buddy\1.12.18\byte-buddy-1.12.18.jar;C:\Users\user\.m2\repository\org\apache\commons\commons-exec\1.3\commons-exec-1.3.jar;C:\Users\user\.m2\repository\org\asynchttpclient\async-http-client\2.12.3\async-http-client-2.12.3.jar;C:\Users\user\.m2\repository\org\asynchttpclient\async-http-client-netty-utils\2.12.3\async-http-client-netty-utils-2.12.3.jar;C:\Users\user\.m2\repository\io\netty\netty-codec-socks\4.1.85.Final\netty-codec-socks-4.1.85.Final.jar;C:\Users\user\.m2\repository\io\netty\netty-handler-proxy\4.1.85.Final\netty-handler-proxy-4.1.85.Final.jar;C:\Users\user\.m2\repository\io\netty\netty-transport-native-epoll\4.1.85.Final\netty-transport-native-epoll-4.1.85.Final-linux-x86_64.jar;C:\Users\user\.m2\repository\io\netty\netty-transport-native-kqueue\4.1.85.Final\netty-transport-native-kqueue-4.1.85.Final-osx-x86_64.jar;C:\Users\user\.m2\repository\org\reactivestreams\reactive-streams\1.0.3\reactive-streams-1.0.3.jar;C:\Users\user\.m2\repository\com\typesafe\netty\netty-reactive-streams\2.0.4\netty-reactive-streams-2.0.4.jar;C:\Users\user\.m2\repository\org\seleniumhq\selenium\selenium-manager\4.6.0\selenium-manager-4.6.0.jar;C:\Users\user\.m2\repository\org\seleniumhq\selenium\selenium-safari-driver\4.6.0\selenium-safari-driver-4.6.0.jar;C:\Users\user\.m2\repository\org\seleniumhq\selenium\selenium-support\4.6.0\selenium-support-4.6.0.jar;C:\Users\user\.m2\repository\org\seleniumhq\selenium\selenium-http-jdk-client\4.6.0\selenium-http-jdk-client-4.6.0.jar;C:\Users\user\.m2\repository\com\google\auto\service\auto-service-annotations\1.0.1\auto-service-annotations-1.0.1.jar;C:\Users\user\.m2\repository\com\google\auto\service\auto-service\1.0.1\auto-service-1.0.1.jar;C:\Users\user\.m2\repository\com\google\auto\auto-common\1.2\auto-common-1.2.jar;C:\Users\user\.m2\repository\org\seleniumhq\selenium\selenium-http\4.6.0\selenium-http-4.6.0.jar;C:\Users\user\.m2\repository\dev\failsafe\failsafe\3.3.0\failsafe-3.3.0.jar;C:\Users\user\.m2\repository\io\github\bonigarcia\webdrivermanager\5.4.1\webdrivermanager-5.4.1.jar;C:\Users\user\.m2\repository\com\google\code\gson\gson\2.10.1\gson-2.10.1.jar;C:\Users\user\.m2\repository\com\github\docker-java\docker-java\3.3.2\docker-java-3.3.2.jar;C:\Users\user\.m2\repository\com\github\docker-java\docker-java-core\3.3.2\docker-java-core-3.3.2.jar;C:\Users\user\.m2\repository\com\github\docker-java\docker-java-api\3.3.2\docker-java-api-3.3.2.jar;C:\Users\user\.m2\repository\org\apache\commons\commons-compress\1.21\commons-compress-1.21.jar;C:\Users\user\.m2\repository\org\bouncycastle\bcpkix-jdk15on\1.64\bcpkix-jdk15on-1.64.jar;C:\Users\user\.m2\repository\org\bouncycastle\bcprov-jdk15on\1.64\bcprov-jdk15on-1.64.jar;C:\Users\user\.m2\repository\org\slf4j\jcl-over-slf4j\1.7.30\jcl-over-slf4j-1.7.30.jar;C:\Users\user\.m2\repository\com\github\docker-java\docker-java-transport-httpclient5\3.3.2\docker-java-transport-httpclient5-3.3.2.jar;C:\Users\user\.m2\repository\com\github\docker-java\docker-java-transport\3.3.2\docker-java-transport-3.3.2.jar;C:\Users\user\.m2\repository\net\java\dev\jna\jna\5.12.1\jna-5.12.1.jar;C:\Users\user\.m2\repository\org\brotli\dec\0.1.2\dec-0.1.2.jar;C:\Users\user\.m2\repository\org\apache\httpcomponents\client5\httpclient5\5.2.1\httpclient5-5.2.1.jar;C:\Users\user\.m2\repository\org\apache\httpcomponents\core5\httpcore5\5.2\httpcore5-5.2.jar;C:\Users\user\.m2\repository\org\apache\httpcomponents\core5\httpcore5-h2\5.2\httpcore5-h2-5.2.jar;C:\Users\user\.m2\repository\ru\yandex\qatools\ashot\ashot\1.5.4\ashot-1.5.4.jar;C:\Users\user\.m2\repository\org\hamcrest\hamcrest-core\1.3\hamcrest-core-1.3.jar;C:\Users\user\.m2\repository\ru\ibsqa\chameleon\chameleon-web\3.6.0\chameleon-web-3.6.0.jar;C:\Users\user\.m2\repository\ru\ibsqa\chameleon\chameleon-db-cucumber\3.6.0\chameleon-db-cucumber-3.6.0.jar;C:\Users\user\.m2\repository\ru\ibsqa\chameleon\chameleon-db\3.6.0\chameleon-db-3.6.0.jar;C:\Users\user\.m2\repository\com\h2database\h2\2.2.220\h2-2.2.220.jar;C:\Users\user\.m2\repository\org\junit\jupiter\junit-jupiter-params\5.9.2\junit-jupiter-params-5.9.2.jar;C:\Users\user\.m2\repository\org\junit\jupiter\junit-jupiter-api\5.9.1\junit-jupiter-api-5.9.1.jar;C:\Users\user\.m2\repository\org\opentest4j\opentest4j\1.2.0\opentest4j-1.2.0.jar;C:\Users\user\.m2\repository\org\junit\platform\junit-platform-commons\1.9.1\junit-platform-commons-1.9.1.jar;C:\Users\user\.m2\repository\org\apiguardian\apiguardian-api\1.1.2\apiguardian-api-1.1.2.jar;"/>
    <property name="sun.cpu.endian" value="little"/>
    <property name="user.home" value="C:\Users\user"/>
    <property name="user.language" value="ru"/>
    <property name="java.specification.vendor" value="Oracle Corporation"/>
    <property name="java.version.date" value="2023-10-17"/>
    <property name="java.home" value="C:\Users\user\.jdks\corretto-11.0.21"/>
    <property name="file.separator" value="\"/>
    <property name="basedir" value="D:\ibs_pract\Практическая работа № 6 Хамелеон\Cham"/>
    <property name="java.vm.compressedOopsMode" value="Zero based"/>
    <property name="line.separator" value="&#10;"/>
    <property name="java.specification.name" value="Java Platform API Specification"/>
    <property name="java.vm.specification.vendor" value="Oracle Corporation"/>
    <property name="java.awt.graphicsenv" value="sun.awt.Win32GraphicsEnvironment"/>
    <property name="applicationUrl" value="http://localhost:8080/"/>
    <property name="cucumber.object-factory" value="io.cucumber.spring.ChameleonFactory"/>
    <property name="surefire.real.class.path" value="C:\Users\user\AppData\Local\Temp\surefire9970577197523185418\surefirebooter-20240119052049581_3.jar"/>
    <property name="user.script" value=""/>
    <property name="sun.management.compiler" value="HotSpot 64-Bit Tiered Compilers"/>
    <property name="java.runtime.version" value="11.0.21+9-LTS"/>
    <property name="webdriver.edge.driver" value="C:\Users\user\.cache\selenium\msedgedriver\win64\120.0.2210.133\msedgedriver.exe"/>
    <property name="user.name" value="user"/>
    <property name="java.net.preferIPv4Stack" value="true"/>
    <property name="path.separator" value=";"/>
    <property name="closeDriverAfterTest" value="true"/>
    <property name="os.version" value="10.0"/>
    <property name="maximizeWindow" value="true"/>
    <property name="java.runtime.name" value="OpenJDK Runtime Environment"/>
    <property name="screenshotConfiguration" value="FOR_FAILURES"/>
    <property name="file.encoding" value="UTF-8"/>
    <property name="java.vm.name" value="OpenJDK 64-Bit Server VM"/>
    <property name="highlightElements" value="false"/>
    <property name="java.vendor.version" value="Corretto-11.0.21.9.1"/>
    <property name="localRepository" value="C:\Users\user\.m2\repository"/>
    <property name="java.vendor.url.bug" value="https://github.com/corretto/corretto-11/issues/"/>
    <property name="java.io.tmpdir" value="C:\Users\user\AppData\Local\Temp\"/>
    <property name="idea.version" value="2023.1.4"/>
    <property name="java.version" value="11.0.21"/>
    <property name="user.dir" value="D:\ibs_pract\Практическая работа № 6 Хамелеон\Cham"/>
    <property name="os.arch" value="amd64"/>
    <property name="java.vm.specification.name" value="Java Virtual Machine Specification"/>
    <property name="java.awt.printerjob" value="sun.awt.windows.WPrinterJob"/>
    <property name="sun.os.patch.level" value=""/>
    <property name="driverType" value="EDGE"/>
    <property name="advancedScreenshotMethod" value="false"/>
    <property name="java.library.path" value="C:\Users\user\.jdks\corretto-11.0.21\bin;C:\Windows\Sun\Java\bin;C:\Windows\system32;C:\Windows;C:\Program Files\Common Files\Oracle\Java\javapath;C:\Program Files\Python311\Scripts\;C:\Program Files\Python311\;C:\ProgramData\Oracle\Java\javapath;C:\Windows\system32;C:\Windows;C:\Windows\System32\Wbem;C:\Windows\System32\WindowsPowerShell\v1.0\;C:\Windows\System32\OpenSSH\;C:\Program Files\NVIDIA Corporation\NVIDIA NvDLISR;C:\Program Files (x86)\NVIDIA Corporation\PhysX\Common;C:\Program Files\Microsoft SQL Server\Client SDK\ODBC\130\Tools\Binn\;C:\Program Files (x86)\Microsoft SQL Server\140\Tools\Binn\;C:\Program Files\Microsoft SQL Server\140\Tools\Binn\;C:\Program Files\Microsoft SQL Server\140\DTS\Binn\;C:\Program Files (x86)\Microsoft SQL Server\160\DTS\Binn\;C:\Program Files\Azure Data Studio\bin;C:\Program Files\Java\jdk-11.0.17\bin;C:\Program Files\Git\cmd;D:\Apps\Chameleon\maven\bin;C:\Users\user\AppData\Local\Microsoft\WindowsApps;C:\Program Files\JetBrains\PyCharm Community Edition 2023.1.1\bin;C:\Users\user\AppData\Local\JetBrains\Toolbox\scripts;."/>
    <property name="java.vm.info" value="mixed mode"/>
    <property name="java.vendor" value="Amazon.com Inc."/>
    <property name="java.vm.version" value="11.0.21+9-LTS"/>
    <property name="java.specification.maintenance.version" value="2"/>
    <property name="defaultWaitTimeOut" value="10"/>
    <property name="sun.io.unicode.encoding" value="UnicodeLittle"/>
    <property name="fullScreenshot" value="false"/>
    <property name="allure.enabled" value="true"/>
    <property name="java.class.version" value="55.0"/>
    <property name="webdriver.http.factory" value="jdk-http-client"/>
  </properties>
  <testcase name="Добавление в БД некорректных значений" classname="JDBC" time="2.506">
    <system-out><![CDATA[
Сценарий: Добавление в БД некорректных значений    &amp#27;[90m# src/test/resources/features/JDBC.feature:8&amp#27;[0m
  &amp#27;[32m* &amp#27;[0m&amp#27;[32mк БД выполнено подключение "&amp#27;[0m&amp#27;[32m&amp#27;[1mH2&amp#27;[0m&amp#27;[32m" с параметрами:&amp#27;[0m &amp#27;[90m# ru.ibsqa.chameleon.steps.DbStorySteps.connect(java.lang.String,java.util.List<ru.ibsqa.chameleon.converters.FieldValueTable>)&amp#27;[0m
    | field        | value |
    | Пользователь | user  |
    | Пароль       | pass  |
Значение NULL не разрешено для поля "FOOD_NAME"
NULL not allowed for column "FOOD_NAME"; SQL statement:
insert into food(food_id, food_name, food_type, food_exotic) values (?, ?, ?, ?); [23502-220]
Нарушение уникального индекса или первичного ключа: "PRIMARY KEY ON PUBLIC.FOOD(FOOD_ID) [1, STRINGDECODE('\u0413\u0440\u0443\u0448\u0430'), STRINGDECODE('\u041e\u0432\u043e\u0449'), 0]"
Unique index or primary key violation: "PRIMARY KEY ON PUBLIC.FOOD(FOOD_ID) [1, STRINGDECODE('\u0413\u0440\u0443\u0448\u0430'), STRINGDECODE('\u041e\u0432\u043e\u0449'), 0]"; SQL statement:
insert into food(food_id, food_name, food_type, food_exotic) values (?, ?, ?, ?); [23505-220]
Значение слишком длинное для поля "FOOD_EXOTIC DECIMAL(1, 0)": "12 (2)"
Value too long for column "FOOD_EXOTIC DECIMAL(1, 0)": "12 (2)"; SQL statement:
insert into food(food_id, food_name, food_type, food_exotic) values (?, ?, ?, ?); [22001-220]
Значение NULL не разрешено для поля "FOOD_TYPE"
NULL not allowed for column "FOOD_TYPE"; SQL statement:
insert into food(food_id, food_name, food_type, food_exotic) values (?, ?, ?, ?); [23502-220]
Значение NULL не разрешено для поля "FOOD_TYPE"
NULL not allowed for column "FOOD_TYPE"; SQL statement:
insert into food(food_id, food_name, food_type, food_exotic) values (?, ?, ?, ?); [23502-220]
Значение слишком длинное для поля "FOOD_EXOTIC DECIMAL(1, 0)": "12 (2)"
Value too long for column "FOOD_EXOTIC DECIMAL(1, 0)": "12 (2)"; SQL statement:
insert into food(food_id, food_name, food_type, food_exotic) values (?, ?, ?, ?); [22001-220]
Значение NULL не разрешено для поля "FOOD_NAME"
NULL not allowed for column "FOOD_NAME"; SQL statement:
insert into food(food_id, food_name, food_type, food_exotic) values (?, ?, ?, ?); [23502-220]
Значение NULL не разрешено для поля "FOOD_NAME"
NULL not allowed for column "FOOD_NAME"; SQL statement:
insert into food(food_id, food_name, food_type, food_exotic) values (?, ?, ?, ?); [23502-220]
  &amp#27;[32m* &amp#27;[0m&amp#27;[32mВведены некорректные данные:&amp#27;[0m                   &amp#27;[90m# ru.ibsqa.chameleon.steps.JDBCSteps.fillIncorrectValues(io.cucumber.datatable.DataTable)&amp#27;[0m
    | 5 | null   | null  | 12 |
    | 1 | Яблоко | FRUIT | 0  |
    | 1 | Банан  | FRUIT | 12 |
    | 1 | Банан  | null  | 0  |
    | 5 | Банан  | null  | 0  |
    | 5 | Банан  | FRUIT | 12 |
    | 1 | null   | FRUIT | 0  |
    | 5 | null   | FRUIT | 0  |
  &amp#27;[32m* &amp#27;[0m&amp#27;[32mзакрыто подключение к БД&amp#27;[0m                       &amp#27;[90m# ru.ibsqa.chameleon.steps.DbStorySteps.close()&amp#27;[0m
]]></system-out>
    <system-err><![CDATA[SLF4J: No SLF4J providers were found.
SLF4J: Defaulting to no-operation (NOP) logger implementation
SLF4J: See https://www.slf4j.org/codes.html#noProviders for further details.
]]></system-err>
  </testcase>
  <testcase name="Добавление в БД корректных значений" classname="JDBC" time="0.042">
    <system-out><![CDATA[
Сценарий: Добавление в БД корректных значений                      &amp#27;[90m# src/test/resources/features/JDBC.feature:25&amp#27;[0m
  &amp#27;[32m* &amp#27;[0m&amp#27;[32mк БД выполнено подключение "&amp#27;[0m&amp#27;[32m&amp#27;[1mH2&amp#27;[0m&amp#27;[32m" с параметрами:&amp#27;[0m                 &amp#27;[90m# ru.ibsqa.chameleon.steps.DbStorySteps.connect(java.lang.String,java.util.List<ru.ibsqa.chameleon.converters.FieldValueTable>)&amp#27;[0m
    | field        | value |
    | Пользователь | user  |
    | Пароль       | pass  |
  &amp#27;[32m* &amp#27;[0m&amp#27;[32mк БД выполняется запрос "&amp#27;[0m&amp#27;[32m&amp#27;[1mДобавление товара&amp#27;[0m&amp#27;[32m" c параметрами:&amp#27;[0m     &amp#27;[90m# ru.ibsqa.chameleon.steps.DbStorySteps.query(java.lang.String,java.util.List<ru.ibsqa.chameleon.converters.FieldValueTable>)&amp#27;[0m
    | field       | value |
    | food_id     | 5     |
    | food_name   | Банан |
    | food_type   | Фрукт |
    | food_exotic | 0     |
  &amp#27;[32m* &amp#27;[0m&amp#27;[32mк БД выполняется запрос "&amp#27;[0m&amp#27;[32m&amp#27;[1mУдвление товара по ID&amp#27;[0m&amp#27;[32m" c параметрами:&amp#27;[0m &amp#27;[90m# ru.ibsqa.chameleon.steps.DbStorySteps.query(java.lang.String,java.util.List<ru.ibsqa.chameleon.converters.FieldValueTable>)&amp#27;[0m
    | field   | value |
    | food_id | 5     |
  &amp#27;[32m* &amp#27;[0m&amp#27;[32mзакрыто подключение к БД&amp#27;[0m                                       &amp#27;[90m# ru.ibsqa.chameleon.steps.DbStorySteps.close()&amp#27;[0m
]]></system-out>
  </testcase>
  <testcase name="Example #1" classname="Примеры" time="4.1">
    <system-out><![CDATA[
Структура сценария: Test Scenario structure                                    &amp#27;[90m# src/test/resources/features/Добавление продукта в БД.feature:38&amp#27;[0m
  &amp#27;[32m* &amp#27;[0m&amp#27;[32mстраница "&amp#27;[0m&amp#27;[32m&amp#27;[1mГлавная страница&amp#27;[0m&amp#27;[32m" загружена&amp#27;[0m                                      &amp#27;[90m# ru.ibsqa.chameleon.steps.PageStorySteps.stepLoadedPage(java.lang.String)&amp#27;[0m
  &amp#27;[32m* &amp#27;[0m&amp#27;[32mкнопка "&amp#27;[0m&amp#27;[32m&amp#27;[1mПесочница&amp#27;[0m&amp#27;[32m" видима&amp#27;[0m                                                  &amp#27;[90m# ru.ibsqa.chameleon.steps.SeleniumFieldStorySteps.stepFieldIsDisplayed2(java.lang.String)&amp#27;[0m
  &amp#27;[32m* &amp#27;[0m&amp#27;[32mвыполнено нажатие на "&amp#27;[0m&amp#27;[32m&amp#27;[1mПесочница&amp#27;[0m&amp#27;[32m"&amp#27;[0m                                           &amp#27;[90m# ru.ibsqa.chameleon.steps.SeleniumFieldStorySteps.stepClickField(java.lang.String)&amp#27;[0m
  &amp#27;[32m* &amp#27;[0m&amp#27;[32mнажатием на кнопку "&amp#27;[0m&amp#27;[32m&amp#27;[1mТовары&amp#27;[0m&amp#27;[32m" загружена страница "&amp#27;[0m&amp#27;[32m&amp#27;[1mСписок товаров&amp#27;[0m&amp#27;[32m"&amp#27;[0m            &amp#27;[90m# ru.ibsqa.chameleon.steps.SeleniumFieldStorySteps.stepClickFieldAndPageLoaded(java.lang.String,java.lang.String)&amp#27;[0m
  &amp#27;[32m* &amp#27;[0m&amp#27;[32mстраница "&amp#27;[0m&amp#27;[32m&amp#27;[1mСписок товаров&amp#27;[0m&amp#27;[32m" загружена&amp#27;[0m                                        &amp#27;[90m# ru.ibsqa.chameleon.steps.PageStorySteps.stepLoadedPage(java.lang.String)&amp#27;[0m
  &amp#27;[32m* &amp#27;[0m&amp#27;[32mколичество элементов коллекции "&amp#27;[0m&amp#27;[32m&amp#27;[1mТаблица&amp#27;[0m&amp#27;[32m" &amp#27;[0m&amp#27;[32m&amp#27;[1mравно&amp#27;[0m&amp#27;[32m "&amp#27;[0m&amp#27;[32m&amp#27;[1m4&amp#27;[0m&amp#27;[32m"&amp#27;[0m                         &amp#27;[90m# ru.ibsqa.chameleon.steps.CollectionStorySteps.stepCheckItemCount(java.lang.String,java.lang.String,java.lang.String)&amp#27;[0m
  &amp#27;[32m* &amp#27;[0m&amp#27;[32mкнопка "&amp#27;[0m&amp#27;[32m&amp#27;[1mДобавить&amp#27;[0m&amp#27;[32m" видима&amp#27;[0m                                                   &amp#27;[90m# ru.ibsqa.chameleon.steps.SeleniumFieldStorySteps.stepFieldIsDisplayed2(java.lang.String)&amp#27;[0m
  &amp#27;[32m* &amp#27;[0m&amp#27;[32mнажатием на кнопку "&amp#27;[0m&amp#27;[32m&amp#27;[1mДобавить&amp#27;[0m&amp#27;[32m" загружена страница "&amp#27;[0m&amp#27;[32m&amp#27;[1mДобавление товара&amp#27;[0m&amp#27;[32m"&amp#27;[0m       &amp#27;[90m# ru.ibsqa.chameleon.steps.SeleniumFieldStorySteps.stepClickFieldAndPageLoaded(java.lang.String,java.lang.String)&amp#27;[0m
  &amp#27;[32m* &amp#27;[0m&amp#27;[32mполе "&amp#27;[0m&amp#27;[32m&amp#27;[1mНаименование&amp#27;[0m&amp#27;[32m" видимо&amp#27;[0m                                                 &amp#27;[90m# ru.ibsqa.chameleon.steps.SeleniumFieldStorySteps.stepFieldIsDisplayed1(java.lang.String)&amp#27;[0m
  &amp#27;[32m* &amp#27;[0m&amp#27;[32mзаполняются поля:&amp#27;[0m                                                          &amp#27;[90m# ru.ibsqa.chameleon.steps.CoreFieldStorySteps.stepFillFields(java.util.List<ru.ibsqa.chameleon.converters.FieldValueTable>)&amp#27;[0m
    | field        | value    |
    | Наименование | Картошка |
    | Тип          | Овощ     |
    | Экзотический | false    |
  &amp#27;[32m* &amp#27;[0m&amp#27;[32mкнопка "&amp#27;[0m&amp#27;[32m&amp#27;[1mСохранить&amp#27;[0m&amp#27;[32m" видима&amp#27;[0m                                                  &amp#27;[90m# ru.ibsqa.chameleon.steps.SeleniumFieldStorySteps.stepFieldIsDisplayed2(java.lang.String)&amp#27;[0m
  &amp#27;[32m* &amp#27;[0m&amp#27;[32mвыполнено нажатие на "&amp#27;[0m&amp#27;[32m&amp#27;[1mСохранить&amp#27;[0m&amp#27;[32m"&amp#27;[0m                                           &amp#27;[90m# ru.ibsqa.chameleon.steps.SeleniumFieldStorySteps.stepClickField(java.lang.String)&amp#27;[0m
  &amp#27;[32m* &amp#27;[0m&amp#27;[32mстраница "&amp#27;[0m&amp#27;[32m&amp#27;[1mСписок товаров&amp#27;[0m&amp#27;[32m" загружена&amp#27;[0m                                        &amp#27;[90m# ru.ibsqa.chameleon.steps.PageStorySteps.stepLoadedPage(java.lang.String)&amp#27;[0m
  &amp#27;[32m* &amp#27;[0m&amp#27;[32mожидается элемент коллекции "&amp#27;[0m&amp#27;[32m&amp#27;[1mТаблица&amp#27;[0m&amp#27;[32m" в течение "&amp#27;[0m&amp#27;[32m&amp#27;[1m10&amp#27;[0m&amp#27;[32m" секунд с параметрами:&amp#27;[0m &amp#27;[90m# ru.ibsqa.chameleon.steps.CollectionStorySteps.stepWaitCollectionByConditions(java.lang.String,java.lang.String,java.util.List<ru.ibsqa.chameleon.converters.FieldOperatorValueTable>)&amp#27;[0m
    | field        | value    |
    | Наименование | Картошка |
    | Тип          | Овощ     |
    | Экзотический | false    |
  &amp#27;[32m* &amp#27;[0m&amp#27;[32mколичество элементов коллекции "&amp#27;[0m&amp#27;[32m&amp#27;[1mТаблица&amp#27;[0m&amp#27;[32m" &amp#27;[0m&amp#27;[32m&amp#27;[1mравно&amp#27;[0m&amp#27;[32m "&amp#27;[0m&amp#27;[32m&amp#27;[1m5&amp#27;[0m&amp#27;[32m"&amp#27;[0m                         &amp#27;[90m# ru.ibsqa.chameleon.steps.CollectionStorySteps.stepCheckItemCount(java.lang.String,java.lang.String,java.lang.String)&amp#27;[0m
  &amp#27;[32m* &amp#27;[0m&amp#27;[32mсохранить скриншот "&amp#27;[0m&amp#27;[32m&amp#27;[1mКонец теста&amp#27;[0m&amp#27;[32m"&amp#27;[0m                                           &amp#27;[90m# ru.ibsqa.chameleon.steps.ScreenshotStorySteps.takeScreenshotToReport(java.lang.String)&amp#27;[0m
]]></system-out>
    <system-err><![CDATA[Starting Microsoft Edge WebDriver 120.0.2210.133 (5a3825c4628d0bef4e9a1ceca8987a524bbd379a) on port 9487
To submit feedback, report a bug, or suggest new features, please visit https://github.com/MicrosoftEdge/EdgeWebDriver

Only local connections are allowed.
Please see https://aka.ms/WebDriverSecurity for suggestions on keeping Microsoft Edge WebDriver safe.

Microsoft Edge WebDriver was started successfully.
янв. 19, 2024 5:20:58 AM org.openqa.selenium.devtools.CdpVersionFinder findNearestMatch
WARNING: Unable to find CDP implementation matching 120
янв. 19, 2024 5:20:58 AM org.openqa.selenium.chromium.ChromiumDriver lambda$new$3
WARNING: Unable to find version of CDP to use for . You may need to include a dependency on a specific version of the CDP using something similar to `org.seleniumhq.selenium:selenium-devtools-v86:4.6.0` where the version ("v86") matches the version of the chromium-based browser you're using and the version number of the artifact is the same as Selenium's.
]]></system-err>
  </testcase>
  <testcase name="Example #2" classname="Примеры" time="1.041">
    <system-out><![CDATA[
Структура сценария: Test Scenario structure                                    &amp#27;[90m# src/test/resources/features/Добавление продукта в БД.feature:39&amp#27;[0m
  &amp#27;[32m* &amp#27;[0m&amp#27;[32mстраница "&amp#27;[0m&amp#27;[32m&amp#27;[1mГлавная страница&amp#27;[0m&amp#27;[32m" загружена&amp#27;[0m                                      &amp#27;[90m# ru.ibsqa.chameleon.steps.PageStorySteps.stepLoadedPage(java.lang.String)&amp#27;[0m
  &amp#27;[32m* &amp#27;[0m&amp#27;[32mкнопка "&amp#27;[0m&amp#27;[32m&amp#27;[1mПесочница&amp#27;[0m&amp#27;[32m" видима&amp#27;[0m                                                  &amp#27;[90m# ru.ibsqa.chameleon.steps.SeleniumFieldStorySteps.stepFieldIsDisplayed2(java.lang.String)&amp#27;[0m
  &amp#27;[32m* &amp#27;[0m&amp#27;[32mвыполнено нажатие на "&amp#27;[0m&amp#27;[32m&amp#27;[1mПесочница&amp#27;[0m&amp#27;[32m"&amp#27;[0m                                           &amp#27;[90m# ru.ibsqa.chameleon.steps.SeleniumFieldStorySteps.stepClickField(java.lang.String)&amp#27;[0m
  &amp#27;[32m* &amp#27;[0m&amp#27;[32mнажатием на кнопку "&amp#27;[0m&amp#27;[32m&amp#27;[1mТовары&amp#27;[0m&amp#27;[32m" загружена страница "&amp#27;[0m&amp#27;[32m&amp#27;[1mСписок товаров&amp#27;[0m&amp#27;[32m"&amp#27;[0m            &amp#27;[90m# ru.ibsqa.chameleon.steps.SeleniumFieldStorySteps.stepClickFieldAndPageLoaded(java.lang.String,java.lang.String)&amp#27;[0m
  &amp#27;[32m* &amp#27;[0m&amp#27;[32mстраница "&amp#27;[0m&amp#27;[32m&amp#27;[1mСписок товаров&amp#27;[0m&amp#27;[32m" загружена&amp#27;[0m                                        &amp#27;[90m# ru.ibsqa.chameleon.steps.PageStorySteps.stepLoadedPage(java.lang.String)&amp#27;[0m
  &amp#27;[32m* &amp#27;[0m&amp#27;[32mколичество элементов коллекции "&amp#27;[0m&amp#27;[32m&amp#27;[1mТаблица&amp#27;[0m&amp#27;[32m" &amp#27;[0m&amp#27;[32m&amp#27;[1mравно&amp#27;[0m&amp#27;[32m "&amp#27;[0m&amp#27;[32m&amp#27;[1m5&amp#27;[0m&amp#27;[32m"&amp#27;[0m                         &amp#27;[90m# ru.ibsqa.chameleon.steps.CollectionStorySteps.stepCheckItemCount(java.lang.String,java.lang.String,java.lang.String)&amp#27;[0m
  &amp#27;[32m* &amp#27;[0m&amp#27;[32mкнопка "&amp#27;[0m&amp#27;[32m&amp#27;[1mДобавить&amp#27;[0m&amp#27;[32m" видима&amp#27;[0m                                                   &amp#27;[90m# ru.ibsqa.chameleon.steps.SeleniumFieldStorySteps.stepFieldIsDisplayed2(java.lang.String)&amp#27;[0m
  &amp#27;[32m* &amp#27;[0m&amp#27;[32mнажатием на кнопку "&amp#27;[0m&amp#27;[32m&amp#27;[1mДобавить&amp#27;[0m&amp#27;[32m" загружена страница "&amp#27;[0m&amp#27;[32m&amp#27;[1mДобавление товара&amp#27;[0m&amp#27;[32m"&amp#27;[0m       &amp#27;[90m# ru.ibsqa.chameleon.steps.SeleniumFieldStorySteps.stepClickFieldAndPageLoaded(java.lang.String,java.lang.String)&amp#27;[0m
  &amp#27;[32m* &amp#27;[0m&amp#27;[32mполе "&amp#27;[0m&amp#27;[32m&amp#27;[1mНаименование&amp#27;[0m&amp#27;[32m" видимо&amp#27;[0m                                                 &amp#27;[90m# ru.ibsqa.chameleon.steps.SeleniumFieldStorySteps.stepFieldIsDisplayed1(java.lang.String)&amp#27;[0m
  &amp#27;[32m* &amp#27;[0m&amp#27;[32mзаполняются поля:&amp#27;[0m                                                          &amp#27;[90m# ru.ibsqa.chameleon.steps.CoreFieldStorySteps.stepFillFields(java.util.List<ru.ibsqa.chameleon.converters.FieldValueTable>)&amp#27;[0m
    | field        | value |
    | Наименование | Манго |
    | Тип          | Фрукт |
    | Экзотический | true  |
  &amp#27;[32m* &amp#27;[0m&amp#27;[32mкнопка "&amp#27;[0m&amp#27;[32m&amp#27;[1mСохранить&amp#27;[0m&amp#27;[32m" видима&amp#27;[0m                                                  &amp#27;[90m# ru.ibsqa.chameleon.steps.SeleniumFieldStorySteps.stepFieldIsDisplayed2(java.lang.String)&amp#27;[0m
  &amp#27;[32m* &amp#27;[0m&amp#27;[32mвыполнено нажатие на "&amp#27;[0m&amp#27;[32m&amp#27;[1mСохранить&amp#27;[0m&amp#27;[32m"&amp#27;[0m                                           &amp#27;[90m# ru.ibsqa.chameleon.steps.SeleniumFieldStorySteps.stepClickField(java.lang.String)&amp#27;[0m
  &amp#27;[32m* &amp#27;[0m&amp#27;[32mстраница "&amp#27;[0m&amp#27;[32m&amp#27;[1mСписок товаров&amp#27;[0m&amp#27;[32m" загружена&amp#27;[0m                                        &amp#27;[90m# ru.ibsqa.chameleon.steps.PageStorySteps.stepLoadedPage(java.lang.String)&amp#27;[0m
  &amp#27;[32m* &amp#27;[0m&amp#27;[32mожидается элемент коллекции "&amp#27;[0m&amp#27;[32m&amp#27;[1mТаблица&amp#27;[0m&amp#27;[32m" в течение "&amp#27;[0m&amp#27;[32m&amp#27;[1m10&amp#27;[0m&amp#27;[32m" секунд с параметрами:&amp#27;[0m &amp#27;[90m# ru.ibsqa.chameleon.steps.CollectionStorySteps.stepWaitCollectionByConditions(java.lang.String,java.lang.String,java.util.List<ru.ibsqa.chameleon.converters.FieldOperatorValueTable>)&amp#27;[0m
    | field        | value |
    | Наименование | Манго |
    | Тип          | Фрукт |
    | Экзотический | true  |
  &amp#27;[32m* &amp#27;[0m&amp#27;[32mколичество элементов коллекции "&amp#27;[0m&amp#27;[32m&amp#27;[1mТаблица&amp#27;[0m&amp#27;[32m" &amp#27;[0m&amp#27;[32m&amp#27;[1mравно&amp#27;[0m&amp#27;[32m "&amp#27;[0m&amp#27;[32m&amp#27;[1m6&amp#27;[0m&amp#27;[32m"&amp#27;[0m                         &amp#27;[90m# ru.ibsqa.chameleon.steps.CollectionStorySteps.stepCheckItemCount(java.lang.String,java.lang.String,java.lang.String)&amp#27;[0m
  &amp#27;[32m* &amp#27;[0m&amp#27;[32mсохранить скриншот "&amp#27;[0m&amp#27;[32m&amp#27;[1mКонец теста&amp#27;[0m&amp#27;[32m"&amp#27;[0m                                           &amp#27;[90m# ru.ibsqa.chameleon.steps.ScreenshotStorySteps.takeScreenshotToReport(java.lang.String)&amp#27;[0m
]]></system-out>
  </testcase>
</testsuite>